<?xml version="1.0" encoding="UTF-8"?>
<testng-results ignored="0" total="1" passed="1" failed="0" skipped="0">
  <reporter-output>
  </reporter-output>
  <suite started-at="2018-06-23T09:50:40Z" name="Default suite" finished-at="2018-06-23T09:50:43Z" duration-ms="3061">
    <groups>
    </groups>
    <test started-at="2018-06-23T09:50:40Z" name="Default test" finished-at="2018-06-23T09:50:43Z" duration-ms="3061">
      <class name="getRequest.GetData">
        <test-method signature="gettingResponse()[pri:0, instance:getRequest.GetData@5c671d7f]" started-at="2018-06-23T15:20:40Z" name="gettingResponse" finished-at="2018-06-23T15:20:43Z" duration-ms="3029" status="PASS">
          <reporter-output>
          </reporter-output>
        </test-method> <!-- gettingResponse -->
      </class> <!-- getRequest.GetData -->
    </test> <!-- Default test -->
  </suite> <!-- Default suite -->
</testng-results>
